2023-10-09T23:13:02.911+08:00  INFO 70697 --- [restartedMain] g.z.s.StudentManagementSystemApplication : Starting StudentManagementSystemApplication using Java 17.0.8 with PID 70697 (/Users/zemise/Desktop/001_AllCode/Java/SpringBoot/Demo-SpringBoot/student-management-system/target/classes started by zemise in /Users/zemise/Desktop/001_AllCode/Java/SpringBoot/Demo-SpringBoot)
2023-10-09T23:13:02.913+08:00  INFO 70697 --- [restartedMain] g.z.s.StudentManagementSystemApplication : No active profile set, falling back to 1 default profile: "default"
2023-10-09T23:13:02.962+08:00  INFO 70697 --- [restartedMain] .e.DevToolsPropertyDefaultsPostProcessor : Devtools property defaults active! Set 'spring.devtools.add-properties' to 'false' to disable
2023-10-09T23:13:02.963+08:00  INFO 70697 --- [restartedMain] .e.DevToolsPropertyDefaultsPostProcessor : For additional web related logging consider setting the 'logging.level.web' property to 'DEBUG'
2023-10-09T23:13:03.702+08:00  INFO 70697 --- [restartedMain] .s.d.r.c.RepositoryConfigurationDelegate : Multiple Spring Data modules found, entering strict repository configuration mode
2023-10-09T23:13:03.704+08:00  INFO 70697 --- [restartedMain] .s.d.r.c.RepositoryConfigurationDelegate : Bootstrapping Spring Data JPA repositories in DEFAULT mode.
2023-10-09T23:13:03.721+08:00  INFO 70697 --- [restartedMain] .s.d.r.c.RepositoryConfigurationDelegate : Finished Spring Data repository scanning in 5 ms. Found 0 JPA repository interfaces.
2023-10-09T23:13:03.740+08:00  INFO 70697 --- [restartedMain] .s.d.r.c.RepositoryConfigurationDelegate : Multiple Spring Data modules found, entering strict repository configuration mode
2023-10-09T23:13:03.741+08:00  INFO 70697 --- [restartedMain] .s.d.r.c.RepositoryConfigurationDelegate : Bootstrapping Spring Data Redis repositories in DEFAULT mode.
2023-10-09T23:13:03.751+08:00  INFO 70697 --- [restartedMain] .s.d.r.c.RepositoryConfigurationDelegate : Finished Spring Data repository scanning in 0 ms. Found 0 Redis repository interfaces.
2023-10-09T23:13:03.889+08:00  WARN 70697 --- [restartedMain] o.m.s.mapper.ClassPathMapperScanner      : No MyBatis mapper was found in '[io.github.zemise.sms]' package. Please check your configuration.
2023-10-09T23:13:04.440+08:00  INFO 70697 --- [restartedMain] o.s.b.w.embedded.tomcat.TomcatWebServer  : Tomcat initialized with port(s): 8080 (http)
2023-10-09T23:13:04.451+08:00  INFO 70697 --- [restartedMain] o.apache.catalina.core.StandardService   : Starting service [Tomcat]
2023-10-09T23:13:04.451+08:00  INFO 70697 --- [restartedMain] o.apache.catalina.core.StandardEngine    : Starting Servlet engine: [Apache Tomcat/10.1.13]
2023-10-09T23:13:04.500+08:00  INFO 70697 --- [restartedMain] o.a.c.c.C.[Tomcat].[localhost].[/]       : Initializing Spring embedded WebApplicationContext
2023-10-09T23:13:04.501+08:00  INFO 70697 --- [restartedMain] w.s.c.ServletWebServerApplicationContext : Root WebApplicationContext: initialization completed in 1537 ms
2023-10-09T23:13:04.651+08:00  INFO 70697 --- [restartedMain] o.hibernate.jpa.internal.util.LogHelper  : HHH000204: Processing PersistenceUnitInfo [name: default]
2023-10-09T23:13:04.709+08:00  INFO 70697 --- [restartedMain] org.hibernate.Version                    : HHH000412: Hibernate ORM core version 6.2.9.Final
2023-10-09T23:13:04.711+08:00  INFO 70697 --- [restartedMain] org.hibernate.cfg.Environment            : HHH000406: Using bytecode reflection optimizer
2023-10-09T23:13:04.845+08:00  INFO 70697 --- [restartedMain] o.h.b.i.BytecodeProviderInitiator        : HHH000021: Bytecode provider name : bytebuddy
2023-10-09T23:13:04.989+08:00  INFO 70697 --- [restartedMain] o.s.o.j.p.SpringPersistenceUnitInfo      : No LoadTimeWeaver setup: ignoring JPA class transformer
2023-10-09T23:13:05.005+08:00  INFO 70697 --- [restartedMain] com.zaxxer.hikari.HikariDataSource       : HikariPool-1 - Starting...
2023-10-09T23:13:05.321+08:00  INFO 70697 --- [restartedMain] com.zaxxer.hikari.pool.HikariPool        : HikariPool-1 - Added connection com.mysql.cj.jdbc.ConnectionImpl@5964713e
2023-10-09T23:13:05.322+08:00  INFO 70697 --- [restartedMain] com.zaxxer.hikari.HikariDataSource       : HikariPool-1 - Start completed.
2023-10-09T23:13:05.368+08:00  WARN 70697 --- [restartedMain] org.hibernate.orm.deprecation            : HHH90000026: MySQL57Dialect has been deprecated; use org.hibernate.dialect.MySQLDialect instead
2023-10-09T23:13:05.459+08:00  INFO 70697 --- [restartedMain] o.h.b.i.BytecodeProviderInitiator        : HHH000021: Bytecode provider name : bytebuddy
2023-10-09T23:13:05.686+08:00  INFO 70697 --- [restartedMain] o.h.e.t.j.p.i.JtaPlatformInitiator       : HHH000490: Using JtaPlatform implementation: [org.hibernate.engine.transaction.jta.platform.internal.NoJtaPlatform]
2023-10-09T23:13:05.691+08:00  INFO 70697 --- [restartedMain] j.LocalContainerEntityManagerFactoryBean : Initialized JPA EntityManagerFactory for persistence unit 'default'
2023-10-09T23:13:05.730+08:00  WARN 70697 --- [restartedMain] JpaBaseConfiguration$JpaWebConfiguration : spring.jpa.open-in-view is enabled by default. Therefore, database queries may be performed during view rendering. Explicitly configure spring.jpa.open-in-view to disable this warning
2023-10-09T23:13:05.991+08:00  WARN 70697 --- [restartedMain] ion$DefaultTemplateResolverConfiguration : Cannot find template location: classpath:/templates (please add some templates, check your Thymeleaf configuration, or set spring.thymeleaf.check-template-location=false)
2023-10-09T23:13:06.434+08:00  WARN 70697 --- [restartedMain] .s.s.UserDetailsServiceAutoConfiguration : 

Using generated security password: f57d334d-7ca9-42c1-a1fe-77cafbd6beff

This generated password is for development use only. Your security configuration must be updated before running your application in production.

2023-10-09T23:13:06.543+08:00  INFO 70697 --- [restartedMain] o.s.s.web.DefaultSecurityFilterChain     : Will secure any request with [org.springframework.security.web.session.DisableEncodeUrlFilter@75a6f19e, org.springframework.security.web.context.request.async.WebAsyncManagerIntegrationFilter@1622df22, org.springframework.security.web.context.SecurityContextHolderFilter@7abdae67, org.springframework.security.web.header.HeaderWriterFilter@4e1914a3, org.springframework.security.web.csrf.CsrfFilter@8031458, org.springframework.security.web.authentication.logout.LogoutFilter@18da6d1e, org.springframework.security.web.authentication.UsernamePasswordAuthenticationFilter@5a7ac32e, org.springframework.security.web.authentication.ui.DefaultLoginPageGeneratingFilter@29f8d2b2, org.springframework.security.web.authentication.ui.DefaultLogoutPageGeneratingFilter@f96b334, org.springframework.security.web.authentication.www.BasicAuthenticationFilter@a9d3f4f, org.springframework.security.web.savedrequest.RequestCacheAwareFilter@2a1c4026, org.springframework.security.web.servletapi.SecurityContextHolderAwareRequestFilter@407ec82d, org.springframework.security.web.authentication.AnonymousAuthenticationFilter@7a7fd314, org.springframework.security.web.access.ExceptionTranslationFilter@df5ddb, org.springframework.security.web.access.intercept.AuthorizationFilter@5edd93cf]
2023-10-09T23:13:06.571+08:00  INFO 70697 --- [restartedMain] o.s.b.d.a.OptionalLiveReloadServer       : LiveReload server is running on port 35729
2023-10-09T23:13:06.593+08:00  WARN 70697 --- [restartedMain] ConfigServletWebServerApplicationContext : Exception encountered during context initialization - cancelling refresh attempt: org.springframework.context.ApplicationContextException: Failed to start bean 'webServerStartStop'
2023-10-09T23:13:06.605+08:00  INFO 70697 --- [restartedMain] j.LocalContainerEntityManagerFactoryBean : Closing JPA EntityManagerFactory for persistence unit 'default'
2023-10-09T23:13:06.610+08:00  INFO 70697 --- [restartedMain] com.zaxxer.hikari.HikariDataSource       : HikariPool-1 - Shutdown initiated...
2023-10-09T23:13:06.619+08:00  INFO 70697 --- [restartedMain] com.zaxxer.hikari.HikariDataSource       : HikariPool-1 - Shutdown completed.
2023-10-09T23:13:06.621+08:00  INFO 70697 --- [restartedMain] o.apache.catalina.core.StandardService   : Stopping service [Tomcat]
2023-10-09T23:13:06.633+08:00  INFO 70697 --- [restartedMain] .s.b.a.l.ConditionEvaluationReportLogger : 

Error starting ApplicationContext. To display the condition evaluation report re-run your application with 'debug' enabled.
2023-10-09T23:13:06.659+08:00 ERROR 70697 --- [restartedMain] o.s.b.d.LoggingFailureAnalysisReporter   : 

***************************
APPLICATION FAILED TO START
***************************

Description:

Web server failed to start. Port 8080 was already in use.

Action:

Identify and stop the process that's listening on port 8080 or configure this application to listen on another port.

2023-10-09T23:14:47.175+08:00  INFO 70749 --- [restartedMain] g.z.s.StudentManagementSystemApplication : Starting StudentManagementSystemApplication using Java 17.0.8 with PID 70749 (/Users/zemise/Desktop/001_AllCode/Java/SpringBoot/Demo-SpringBoot/student-management-system/target/classes started by zemise in /Users/zemise/Desktop/001_AllCode/Java/SpringBoot/Demo-SpringBoot)
2023-10-09T23:14:47.177+08:00  INFO 70749 --- [restartedMain] g.z.s.StudentManagementSystemApplication : No active profile set, falling back to 1 default profile: "default"
2023-10-09T23:14:47.220+08:00  INFO 70749 --- [restartedMain] .e.DevToolsPropertyDefaultsPostProcessor : Devtools property defaults active! Set 'spring.devtools.add-properties' to 'false' to disable
2023-10-09T23:14:47.220+08:00  INFO 70749 --- [restartedMain] .e.DevToolsPropertyDefaultsPostProcessor : For additional web related logging consider setting the 'logging.level.web' property to 'DEBUG'
2023-10-09T23:14:47.922+08:00  INFO 70749 --- [restartedMain] .s.d.r.c.RepositoryConfigurationDelegate : Multiple Spring Data modules found, entering strict repository configuration mode
2023-10-09T23:14:47.925+08:00  INFO 70749 --- [restartedMain] .s.d.r.c.RepositoryConfigurationDelegate : Bootstrapping Spring Data JPA repositories in DEFAULT mode.
2023-10-09T23:14:47.941+08:00  INFO 70749 --- [restartedMain] .s.d.r.c.RepositoryConfigurationDelegate : Finished Spring Data repository scanning in 7 ms. Found 0 JPA repository interfaces.
2023-10-09T23:14:47.964+08:00  INFO 70749 --- [restartedMain] .s.d.r.c.RepositoryConfigurationDelegate : Multiple Spring Data modules found, entering strict repository configuration mode
2023-10-09T23:14:47.965+08:00  INFO 70749 --- [restartedMain] .s.d.r.c.RepositoryConfigurationDelegate : Bootstrapping Spring Data Redis repositories in DEFAULT mode.
2023-10-09T23:14:47.977+08:00  INFO 70749 --- [restartedMain] .s.d.r.c.RepositoryConfigurationDelegate : Finished Spring Data repository scanning in 0 ms. Found 0 Redis repository interfaces.
2023-10-09T23:14:48.130+08:00  WARN 70749 --- [restartedMain] o.m.s.mapper.ClassPathMapperScanner      : No MyBatis mapper was found in '[io.github.zemise.sms]' package. Please check your configuration.
2023-10-09T23:14:48.708+08:00  INFO 70749 --- [restartedMain] o.s.b.w.embedded.tomcat.TomcatWebServer  : Tomcat initialized with port(s): 8080 (http)
2023-10-09T23:14:48.719+08:00  INFO 70749 --- [restartedMain] o.apache.catalina.core.StandardService   : Starting service [Tomcat]
2023-10-09T23:14:48.719+08:00  INFO 70749 --- [restartedMain] o.apache.catalina.core.StandardEngine    : Starting Servlet engine: [Apache Tomcat/10.1.13]
2023-10-09T23:14:48.770+08:00  INFO 70749 --- [restartedMain] o.a.c.c.C.[Tomcat].[localhost].[/]       : Initializing Spring embedded WebApplicationContext
2023-10-09T23:14:48.770+08:00  INFO 70749 --- [restartedMain] w.s.c.ServletWebServerApplicationContext : Root WebApplicationContext: initialization completed in 1549 ms
2023-10-09T23:14:48.926+08:00  INFO 70749 --- [restartedMain] o.hibernate.jpa.internal.util.LogHelper  : HHH000204: Processing PersistenceUnitInfo [name: default]
2023-10-09T23:14:48.983+08:00  INFO 70749 --- [restartedMain] org.hibernate.Version                    : HHH000412: Hibernate ORM core version 6.2.9.Final
2023-10-09T23:14:48.985+08:00  INFO 70749 --- [restartedMain] org.hibernate.cfg.Environment            : HHH000406: Using bytecode reflection optimizer
2023-10-09T23:14:49.120+08:00  INFO 70749 --- [restartedMain] o.h.b.i.BytecodeProviderInitiator        : HHH000021: Bytecode provider name : bytebuddy
2023-10-09T23:14:49.260+08:00  INFO 70749 --- [restartedMain] o.s.o.j.p.SpringPersistenceUnitInfo      : No LoadTimeWeaver setup: ignoring JPA class transformer
2023-10-09T23:14:49.275+08:00  INFO 70749 --- [restartedMain] com.zaxxer.hikari.HikariDataSource       : HikariPool-1 - Starting...
2023-10-09T23:14:49.546+08:00  INFO 70749 --- [restartedMain] com.zaxxer.hikari.pool.HikariPool        : HikariPool-1 - Added connection com.mysql.cj.jdbc.ConnectionImpl@74c91f48
2023-10-09T23:14:49.547+08:00  INFO 70749 --- [restartedMain] com.zaxxer.hikari.HikariDataSource       : HikariPool-1 - Start completed.
2023-10-09T23:14:49.592+08:00  WARN 70749 --- [restartedMain] org.hibernate.orm.deprecation            : HHH90000026: MySQL57Dialect has been deprecated; use org.hibernate.dialect.MySQLDialect instead
2023-10-09T23:14:49.681+08:00  INFO 70749 --- [restartedMain] o.h.b.i.BytecodeProviderInitiator        : HHH000021: Bytecode provider name : bytebuddy
2023-10-09T23:14:49.906+08:00  INFO 70749 --- [restartedMain] o.h.e.t.j.p.i.JtaPlatformInitiator       : HHH000490: Using JtaPlatform implementation: [org.hibernate.engine.transaction.jta.platform.internal.NoJtaPlatform]
2023-10-09T23:14:49.910+08:00  INFO 70749 --- [restartedMain] j.LocalContainerEntityManagerFactoryBean : Initialized JPA EntityManagerFactory for persistence unit 'default'
2023-10-09T23:14:49.944+08:00  WARN 70749 --- [restartedMain] JpaBaseConfiguration$JpaWebConfiguration : spring.jpa.open-in-view is enabled by default. Therefore, database queries may be performed during view rendering. Explicitly configure spring.jpa.open-in-view to disable this warning
2023-10-09T23:14:50.226+08:00  WARN 70749 --- [restartedMain] ion$DefaultTemplateResolverConfiguration : Cannot find template location: classpath:/templates (please add some templates, check your Thymeleaf configuration, or set spring.thymeleaf.check-template-location=false)
2023-10-09T23:14:50.713+08:00  WARN 70749 --- [restartedMain] .s.s.UserDetailsServiceAutoConfiguration : 

Using generated security password: cea02bb9-25e4-4ade-ad02-ecb19a61e253

This generated password is for development use only. Your security configuration must be updated before running your application in production.

2023-10-09T23:14:50.831+08:00  INFO 70749 --- [restartedMain] o.s.s.web.DefaultSecurityFilterChain     : Will secure any request with [org.springframework.security.web.session.DisableEncodeUrlFilter@1622df22, org.springframework.security.web.context.request.async.WebAsyncManagerIntegrationFilter@f96b334, org.springframework.security.web.context.SecurityContextHolderFilter@7c87019f, org.springframework.security.web.header.HeaderWriterFilter@74d4532a, org.springframework.security.web.csrf.CsrfFilter@8308db4, org.springframework.security.web.authentication.logout.LogoutFilter@32ab98b8, org.springframework.security.web.authentication.UsernamePasswordAuthenticationFilter@4fca99ab, org.springframework.security.web.authentication.ui.DefaultLoginPageGeneratingFilter@3713468, org.springframework.security.web.authentication.ui.DefaultLogoutPageGeneratingFilter@7a7fd314, org.springframework.security.web.authentication.www.BasicAuthenticationFilter@3775db01, org.springframework.security.web.savedrequest.RequestCacheAwareFilter@5b3d9c12, org.springframework.security.web.servletapi.SecurityContextHolderAwareRequestFilter@7794013c, org.springframework.security.web.authentication.AnonymousAuthenticationFilter@3817e7c4, org.springframework.security.web.access.ExceptionTranslationFilter@7250d0ca, org.springframework.security.web.access.intercept.AuthorizationFilter@5a7ac32e]
2023-10-09T23:14:50.860+08:00  INFO 70749 --- [restartedMain] o.s.b.d.a.OptionalLiveReloadServer       : LiveReload server is running on port 35729
2023-10-09T23:14:50.892+08:00  INFO 70749 --- [restartedMain] o.s.b.w.embedded.tomcat.TomcatWebServer  : Tomcat started on port(s): 8080 (http) with context path ''
2023-10-09T23:14:50.901+08:00  INFO 70749 --- [restartedMain] g.z.s.StudentManagementSystemApplication : Started StudentManagementSystemApplication in 4.175 seconds (process running for 4.898)
2023-10-09T23:15:10.920+08:00  INFO 70749 --- [SpringApplicationShutdownHook] j.LocalContainerEntityManagerFactoryBean : Closing JPA EntityManagerFactory for persistence unit 'default'
2023-10-09T23:15:10.926+08:00  INFO 70749 --- [SpringApplicationShutdownHook] com.zaxxer.hikari.HikariDataSource       : HikariPool-1 - Shutdown initiated...
2023-10-09T23:15:10.936+08:00  INFO 70749 --- [SpringApplicationShutdownHook] com.zaxxer.hikari.HikariDataSource       : HikariPool-1 - Shutdown completed.
